[Sun, 08 Dec 2019 15:10:54 +0000] Error INTENTO LOGIN: asd, ERROR 
[Sun, 08 Dec 2019 15:12:01 +0000] Error INTENTO LOGIN: 123, ERROR 
[Sun, 08 Dec 2019 15:13:38 +0000] Error INTENTO LOGIN: 123, ERROR 
[Sun, 08 Dec 2019 15:16:21 +0000] Error inicio sesion: a@hotmail.com, ERROR Array
[Sun, 08 Dec 2019 15:18:46 +0000] Error inicio sesion: a@hotmail.com, ERROR Array
[Sun, 08 Dec 2019 15:19:19 +0000] Error inicio sesion: a@hotmail.com, ERROR Array
[Sun, 08 Dec 2019 15:19:45 +0000] Error inicio sesion: a@hotmail.com, ERROR Array
[Sun, 08 Dec 2019 15:23:09 +0000] Error inicio sesion: asd, ERROR Array
[Sun, 08 Dec 2019 15:31:48 +0000] Error inicio sesion: asda, ERROR Array
[Sun, 08 Dec 2019 15:32:19 +0000] Error inicio sesion: asd, ERROR Array
[Sun, 08 Dec 2019 15:32:51 +0000] Error inicio sesion: aas, ERROR Array
[Sun, 08 Dec 2019 15:33:13 +0000] Error inicio sesion: asd, ERROR Array
[Sun, 08 Dec 2019 15:33:52 +0000] Error inicio sesion: wae, ERROR Array
[Sun, 08 Dec 2019 15:34:34 +0000] Error inicio sesion: sdf, ERROR Array
[Sun, 08 Dec 2019 15:36:14 +0000] Error inicio sesion: a@hotmail.com, ERROR Array
[Sun, 08 Dec 2019 15:36:35 +0000] Error inicio sesion: asd, ERROR Array
[Sun, 08 Dec 2019 15:36:47 +0000] Error inicio sesion: asd, ERROR Array
[Sun, 08 Dec 2019 15:37:12 +0000] Error inicio sesion: dfgd, ERROR Array
[Sun, 08 Dec 2019 15:37:48 +0000] Error inicio sesion: asd, ERROR Array
[Sun, 08 Dec 2019 15:39:43 +0000] Error inicio sesion: er, ERROR Array
[Sun, 08 Dec 2019 15:40:54 +0000] Error inicio sesion: df, ERROR Array
[Sun, 08 Dec 2019 15:40:57 +0000] Error inicio sesion: df, ERROR Array
[Sun, 08 Dec 2019 15:41:02 +0000] Error inicio sesion: a@hotmail.com, ERROR Array
[Sun, 08 Dec 2019 15:41:05 +0000] Error inicio sesion: a@hotmail.com, ERROR Array
[Sun, 08 Dec 2019 15:41:09 +0000] Error inicio sesion: a@hotmail.com, ERROR Array
[Sun, 08 Dec 2019 15:41:46 +0000] Error inicio sesion: a@hotmail.com, ERROR Array
[Sun, 08 Dec 2019 15:41:50 +0000] Error inicio sesion: a@hotmail.com, ERROR Array
[Sun, 08 Dec 2019 15:42:12 +0000] Error inicio sesion: a@hotmail.com, ERROR Array
[Sun, 08 Dec 2019 15:43:27 +0000] Error inicio sesion: a@hotmail.com, ERROR Array
[Sun, 08 Dec 2019 15:43:31 +0000] Error inicio sesion: a@hotmail.com, ERROR Array
[Sun, 08 Dec 2019 15:43:38 +0000] Error inicio sesion: a@hotmail.com, ERROR Array
[Sun, 08 Dec 2019 15:43:54 +0000] Error inicio sesion: a@hotmail.com, ERROR Array
